2021-11-15 11:39:33,796 - robot.logger - INFO - drl_robot\20211115163933 vs. guard_bot, self_play=True
2021-11-15 11:39:34,944 - robot.logger - INFO - 
[[ 0.    0.    0.    0.    0.    0.    0.    0.    0.    0.  ]
 [-0.25 -0.16 -0.16 -0.12 -0.2  -0.07  0.17  0.18 -0.13 -0.18]
 [ 0.15  0.11 -0.17 -0.18 -0.17  0.04  0.02  0.16 -0.02 -0.18]
 [-0.05 -0.11 -0.13 -0.45 -0.46 -0.07  0.15  0.2  -0.15 -0.39]
 [ 0.    0.15 -0.08 -0.08 -0.22  0.01 -0.18  0.16  0.11 -0.06]
 [-0.02  0.18 -0.12 -0.16 -0.22 -0.14 -0.14  0.02  0.18 -0.06]
 [ 0.07  0.24 -0.1  -0.06 -0.19 -0.18 -0.28  0.18  0.24  0.07]
 [-0.15  0.03 -0.12  0.13 -0.18 -0.14 -0.01  0.17 -0.01  0.08]
 [ 0.    0.17 -0.08 -0.07 -0.02 -0.1   0.13 -0.02  0.   -0.04]
 [-0.    0.19 -0.09  0.01 -0.15  0.07 -0.04  0.13  0.02  0.  ]
 [ 0.03  0.02 -0.02 -0.1  -0.2   0.19 -0.    0.18  0.12 -0.07]
 [ 0.08 -0.03  0.13  0.08 -0.18 -0.03 -0.22  0.16  0.06  0.03]]
2021-11-15 11:39:35,189 - robot.logger - INFO - episode: 1/1000, score =  2 -  3 = -1, e: 1.000, average_score: -0.01, average_reward: -0.017, play: 0.2 s., train: 0.0 s.
2021-11-15 11:39:36,127 - robot.logger - INFO - episode: 2/1000, score =  1 -  4 = -3, e: 0.990, average_score: -0.04, average_reward: -0.029, play: 0.2 s., train: 0.7 s.
2021-11-15 11:39:36,492 - robot.logger - INFO - episode: 3/1000, score =  1 -  3 = -2, e: 0.980, average_score: -0.06, average_reward: -0.040, play: 0.2 s., train: 0.1 s.
2021-11-15 11:39:36,893 - robot.logger - INFO - episode: 4/1000, score =  4 -  5 = -1, e: 0.970, average_score: -0.07, average_reward: -0.052, play: 0.2 s., train: 0.2 s.
2021-11-15 11:39:37,290 - robot.logger - INFO - episode: 5/1000, score =  1 -  3 = -2, e: 0.961, average_score: -0.09, average_reward: -0.068, play: 0.2 s., train: 0.2 s.
2021-11-15 11:39:37,671 - robot.logger - INFO - episode: 6/1000, score =  2 -  1 =  1, e: 0.951, average_score: -0.08, average_reward: -0.076, play: 0.2 s., train: 0.1 s.
2021-11-15 11:39:38,075 - robot.logger - INFO - episode: 7/1000, score =  2 -  2 =  0, e: 0.941, average_score: -0.08, average_reward: -0.085, play: 0.3 s., train: 0.2 s.
2021-11-15 11:39:38,471 - robot.logger - INFO - episode: 8/1000, score =  1 -  2 = -1, e: 0.932, average_score: -0.09, average_reward: -0.081, play: 0.3 s., train: 0.1 s.
2021-11-15 11:39:38,884 - robot.logger - INFO - episode: 9/1000, score =  1 -  2 = -1, e: 0.923, average_score: -0.09, average_reward: -0.082, play: 0.3 s., train: 0.2 s.
2021-11-15 11:39:39,261 - robot.logger - INFO - episode: 10/1000, score =  2 -  1 =  1, e: 0.914, average_score: -0.08, average_reward: -0.087, play: 0.2 s., train: 0.2 s.
2021-11-15 11:39:39,620 - robot.logger - INFO - episode: 11/1000, score =  3 -  4 = -1, e: 0.904, average_score: -0.09, average_reward: -0.095, play: 0.3 s., train: 0.1 s.
2021-11-15 11:39:39,980 - robot.logger - INFO - episode: 12/1000, score =  4 -  2 =  2, e: 0.895, average_score: -0.07, average_reward: -0.097, play: 0.3 s., train: 0.1 s.
2021-11-15 11:39:40,332 - robot.logger - INFO - episode: 13/1000, score =  1 -  4 = -3, e: 0.886, average_score: -0.10, average_reward: -0.102, play: 0.3 s., train: 0.1 s.
2021-11-15 11:39:40,726 - robot.logger - INFO - episode: 14/1000, score =  3 -  5 = -2, e: 0.878, average_score: -0.12, average_reward: -0.108, play: 0.3 s., train: 0.1 s.
2021-11-15 11:39:41,151 - robot.logger - INFO - episode: 15/1000, score =  2 -  2 =  0, e: 0.869, average_score: -0.12, average_reward: -0.111, play: 0.3 s., train: 0.2 s.
2021-11-15 11:39:41,517 - robot.logger - INFO - episode: 16/1000, score =  2 -  3 = -1, e: 0.860, average_score: -0.13, average_reward: -0.112, play: 0.3 s., train: 0.1 s.
2021-11-15 11:39:41,911 - robot.logger - INFO - episode: 17/1000, score =  3 -  3 =  0, e: 0.851, average_score: -0.13, average_reward: -0.112, play: 0.3 s., train: 0.1 s.
2021-11-15 11:39:42,317 - robot.logger - INFO - episode: 18/1000, score =  1 -  4 = -3, e: 0.843, average_score: -0.16, average_reward: -0.108, play: 0.3 s., train: 0.1 s.
2021-11-15 11:39:42,697 - robot.logger - INFO - episode: 19/1000, score =  3 -  2 =  1, e: 0.835, average_score: -0.14, average_reward: -0.106, play: 0.3 s., train: 0.1 s.
2021-11-15 11:39:43,070 - robot.logger - INFO - episode: 20/1000, score =  3 -  4 = -1, e: 0.826, average_score: -0.15, average_reward: -0.105, play: 0.3 s., train: 0.1 s.
2021-11-15 11:39:43,478 - robot.logger - INFO - episode: 21/1000, score =  3 -  2 =  1, e: 0.818, average_score: -0.14, average_reward: -0.115, play: 0.3 s., train: 0.1 s.
2021-11-15 11:39:43,864 - robot.logger - INFO - episode: 22/1000, score =  2 -  5 = -3, e: 0.810, average_score: -0.17, average_reward: -0.111, play: 0.3 s., train: 0.1 s.
2021-11-15 11:39:44,237 - robot.logger - INFO - episode: 23/1000, score =  2 -  2 =  0, e: 0.802, average_score: -0.17, average_reward: -0.108, play: 0.3 s., train: 0.1 s.
2021-11-15 11:39:44,652 - robot.logger - INFO - episode: 24/1000, score =  1 -  3 = -2, e: 0.794, average_score: -0.19, average_reward: -0.100, play: 0.3 s., train: 0.1 s.
2021-11-15 11:39:45,051 - robot.logger - INFO - episode: 25/1000, score =  4 -  2 =  2, e: 0.786, average_score: -0.16, average_reward: -0.102, play: 0.3 s., train: 0.1 s.
2021-11-15 11:39:45,439 - robot.logger - INFO - episode: 26/1000, score =  4 -  2 =  2, e: 0.778, average_score: -0.14, average_reward: -0.104, play: 0.3 s., train: 0.1 s.
2021-11-15 11:39:45,810 - robot.logger - INFO - episode: 27/1000, score =  1 -  0 =  1, e: 0.770, average_score: -0.13, average_reward: -0.100, play: 0.3 s., train: 0.1 s.
2021-11-15 11:39:46,232 - robot.logger - INFO - episode: 28/1000, score =  2 -  3 = -1, e: 0.762, average_score: -0.14, average_reward: -0.106, play: 0.3 s., train: 0.1 s.
2021-11-15 11:39:46,652 - robot.logger - INFO - episode: 29/1000, score =  3 -  4 = -1, e: 0.755, average_score: -0.15, average_reward: -0.085, play: 0.3 s., train: 0.1 s.
2021-11-15 11:39:47,063 - robot.logger - INFO - episode: 30/1000, score =  2 -  2 =  0, e: 0.747, average_score: -0.15, average_reward: -0.080, play: 0.3 s., train: 0.1 s.
2021-11-15 11:39:47,474 - robot.logger - INFO - episode: 31/1000, score =  2 -  1 =  1, e: 0.740, average_score: -0.14, average_reward: -0.077, play: 0.3 s., train: 0.1 s.
2021-11-15 11:39:47,887 - robot.logger - INFO - episode: 32/1000, score =  5 -  4 =  1, e: 0.732, average_score: -0.12, average_reward: -0.078, play: 0.3 s., train: 0.1 s.
2021-11-15 11:39:48,286 - robot.logger - INFO - episode: 33/1000, score =  1 -  4 = -3, e: 0.725, average_score: -0.15, average_reward: -0.071, play: 0.3 s., train: 0.1 s.
2021-11-15 11:39:48,700 - robot.logger - INFO - episode: 34/1000, score =  5 -  3 =  2, e: 0.718, average_score: -0.13, average_reward: -0.073, play: 0.3 s., train: 0.1 s.
2021-11-15 11:39:49,108 - robot.logger - INFO - episode: 35/1000, score =  1 -  4 = -3, e: 0.711, average_score: -0.16, average_reward: -0.072, play: 0.3 s., train: 0.1 s.
2021-11-15 11:39:49,517 - robot.logger - INFO - episode: 36/1000, score =  2 -  4 = -2, e: 0.703, average_score: -0.18, average_reward: -0.069, play: 0.3 s., train: 0.1 s.
2021-11-15 11:39:49,940 - robot.logger - INFO - episode: 37/1000, score =  2 -  5 = -3, e: 0.696, average_score: -0.21, average_reward: -0.064, play: 0.3 s., train: 0.1 s.
2021-11-15 11:39:50,371 - robot.logger - INFO - episode: 38/1000, score =  4 -  2 =  2, e: 0.689, average_score: -0.18, average_reward: -0.067, play: 0.3 s., train: 0.1 s.
2021-11-15 11:39:50,870 - robot.logger - INFO - episode: 39/1000, score =  6 -  4 =  2, e: 0.683, average_score: -0.16, average_reward: -0.066, play: 0.4 s., train: 0.1 s.
2021-11-15 11:39:51,272 - robot.logger - INFO - episode: 40/1000, score =  6 -  5 =  1, e: 0.676, average_score: -0.15, average_reward: -0.059, play: 0.3 s., train: 0.1 s.
2021-11-15 11:39:51,688 - robot.logger - INFO - episode: 41/1000, score =  1 -  2 = -1, e: 0.669, average_score: -0.16, average_reward: -0.060, play: 0.3 s., train: 0.1 s.
2021-11-15 11:39:52,104 - robot.logger - INFO - episode: 42/1000, score =  4 -  4 =  0, e: 0.662, average_score: -0.16, average_reward: -0.054, play: 0.3 s., train: 0.1 s.
2021-11-15 11:39:52,528 - robot.logger - INFO - episode: 43/1000, score =  4 -  5 = -1, e: 0.656, average_score: -0.17, average_reward: -0.057, play: 0.3 s., train: 0.1 s.
2021-11-15 11:39:52,935 - robot.logger - INFO - episode: 44/1000, score =  4 -  4 =  0, e: 0.649, average_score: -0.16, average_reward: -0.045, play: 0.3 s., train: 0.1 s.
2021-11-15 11:39:53,373 - robot.logger - INFO - episode: 45/1000, score =  5 -  6 = -1, e: 0.643, average_score: -0.17, average_reward: -0.045, play: 0.4 s., train: 0.1 s.
2021-11-15 11:39:53,790 - robot.logger - INFO - episode: 46/1000, score =  6 -  2 =  4, e: 0.636, average_score: -0.13, average_reward: -0.037, play: 0.3 s., train: 0.1 s.
2021-11-15 11:39:54,212 - robot.logger - INFO - episode: 47/1000, score =  6 -  4 =  2, e: 0.630, average_score: -0.11, average_reward: -0.030, play: 0.3 s., train: 0.1 s.
2021-11-15 11:39:54,637 - robot.logger - INFO - episode: 48/1000, score =  4 -  3 =  1, e: 0.624, average_score: -0.10, average_reward: -0.031, play: 0.3 s., train: 0.1 s.
2021-11-15 11:39:55,062 - robot.logger - INFO - episode: 49/1000, score =  4 -  2 =  2, e: 0.617, average_score: -0.08, average_reward: -0.015, play: 0.3 s., train: 0.1 s.
2021-11-15 11:39:55,487 - robot.logger - INFO - episode: 50/1000, score =  3 -  5 = -2, e: 0.611, average_score: -0.10, average_reward: -0.022, play: 0.3 s., train: 0.1 s.
2021-11-15 11:39:55,507 - robot.logger - INFO - 
[[21.53 20.25 20.34 20.16 22.17 21.9  31.18 21.   19.81 -0.45]
 [15.4  16.77 15.07 16.51 18.77 17.98 29.24 18.07 14.99 -0.46]
 [29.49 19.79 27.34 18.72 20.1  19.74 20.22 19.27 22.65 -0.52]
 [11.59  9.65 12.53  7.94  7.27  6.58  9.69  9.11  6.42 -0.56]
 [25.06 20.88 22.01 21.08 24.43 23.18 32.55 21.21 21.71 -0.51]
 [23.31 26.44 20.53 19.22 22.41 23.97 31.74 20.94 19.57 -0.6 ]
 [21.73 20.63 24.94 20.09 23.8  22.21 34.39 21.47 21.26 -0.3 ]
 [18.97 18.01 18.48 24.73 21.7  20.02 28.51 31.18 18.52 -0.53]
 [22.55 21.21 19.78 20.67 23.1  22.27 32.13 21.71 19.95 -0.48]
 [22.17 21.46 20.11 20.34 22.01 22.59 31.65 21.05 20.11 -0.41]
 [23.44 21.1  20.73 20.43 22.5  22.49 31.3  21.29 20.62 -0.58]
 [21.7  18.86 21.25 20.34 22.4  21.63 31.25 21.33 20.12 -0.55]]
2021-11-15 11:39:57,451 - robot.logger - INFO - vs. guard_bot: 3-5-2, average score = 4.9 - 5.0 = -0.09999999999999964, 1.9 s.
2021-11-15 11:39:57,879 - robot.logger - INFO - episode: 51/1000, score =  4 -  3 =  1, e: 0.605, average_score: -0.09, average_reward: -0.026, play: 0.3 s., train: 0.1 s.
