2021-11-11 15:13:58,736 - robot.logger - INFO - drl_robot\20211111201358 vs. random_bot, self_play=True
2021-11-11 15:13:59,673 - robot.logger - INFO - 
[[ 0.    0.    0.    0.    0.    0.    0.    0.    0.    0.  ]
 [-0.05 -0.06  0.   -0.02  0.16  0.06  0.04 -0.06  0.13  0.07]
 [-0.06 -0.02 -0.02 -0.03  0.09  0.   -0.01 -0.05  0.03  0.02]
 [-0.07 -0.05 -0.01 -0.01  0.13  0.02 -0.06 -0.08  0.08  0.12]
 [-0.06  0.01  0.05 -0.05  0.03  0.01  0.03 -0.04  0.05 -0.  ]
 [-0.03 -0.01  0.02 -0.05  0.08  0.01  0.03 -0.08  0.08 -0.01]
 [-0.06 -0.03  0.01 -0.03  0.05  0.02  0.03 -0.02  0.04  0.  ]
 [-0.08 -0.02 -0.07 -0.06  0.13 -0.02  0.03 -0.06  0.04 -0.01]]
2021-11-11 15:14:00,089 - robot.logger - INFO - episode: 1/1000, score =  1 -  2 = -1, e: 1.000, average_score: -0.01, average_reward: -0.014, play: 0.4 s., train: 0.0 s.
2021-11-11 15:14:01,253 - robot.logger - INFO - episode: 2/1000, score =  2 -  1 =  1, e: 0.990, average_score: 0.00, average_reward: -0.026, play: 0.4 s., train: 0.7 s.
2021-11-11 15:14:01,759 - robot.logger - INFO - episode: 3/1000, score =  0 -  0 =  0, e: 0.980, average_score: 0.00, average_reward: -0.039, play: 0.4 s., train: 0.1 s.
2021-11-11 15:14:02,295 - robot.logger - INFO - episode: 4/1000, score =  0 -  3 = -3, e: 0.970, average_score: -0.03, average_reward: -0.046, play: 0.4 s., train: 0.1 s.
2021-11-11 15:14:02,908 - robot.logger - INFO - episode: 5/1000, score =  1 -  1 =  0, e: 0.961, average_score: -0.03, average_reward: -0.056, play: 0.5 s., train: 0.1 s.
2021-11-11 15:14:03,471 - robot.logger - INFO - episode: 6/1000, score =  3 -  1 =  2, e: 0.951, average_score: -0.01, average_reward: -0.066, play: 0.5 s., train: 0.1 s.
2021-11-11 15:14:04,058 - robot.logger - INFO - episode: 7/1000, score =  3 -  2 =  1, e: 0.941, average_score: 0.00, average_reward: -0.071, play: 0.5 s., train: 0.1 s.
2021-11-11 15:14:04,783 - robot.logger - INFO - episode: 8/1000, score =  2 -  2 =  0, e: 0.932, average_score: 0.00, average_reward: -0.080, play: 0.5 s., train: 0.2 s.
2021-11-11 15:14:05,740 - robot.logger - INFO - episode: 9/1000, score =  3 -  3 =  0, e: 0.923, average_score: 0.00, average_reward: -0.087, play: 0.8 s., train: 0.1 s.
2021-11-11 15:14:06,354 - robot.logger - INFO - episode: 10/1000, score =  4 -  1 =  3, e: 0.914, average_score: 0.03, average_reward: -0.095, play: 0.5 s., train: 0.1 s.
2021-11-11 15:14:06,988 - robot.logger - INFO - episode: 11/1000, score =  2 -  1 =  1, e: 0.904, average_score: 0.04, average_reward: -0.104, play: 0.5 s., train: 0.1 s.
2021-11-11 15:14:07,583 - robot.logger - INFO - episode: 12/1000, score =  1 -  3 = -2, e: 0.895, average_score: 0.02, average_reward: -0.107, play: 0.5 s., train: 0.1 s.
2021-11-11 15:14:08,193 - robot.logger - INFO - episode: 13/1000, score =  1 -  3 = -2, e: 0.886, average_score: -0.00, average_reward: -0.109, play: 0.5 s., train: 0.1 s.
2021-11-11 15:14:08,810 - robot.logger - INFO - episode: 14/1000, score =  0 -  2 = -2, e: 0.878, average_score: -0.02, average_reward: -0.115, play: 0.5 s., train: 0.1 s.
2021-11-11 15:14:09,401 - robot.logger - INFO - episode: 15/1000, score =  2 -  3 = -1, e: 0.869, average_score: -0.03, average_reward: -0.115, play: 0.5 s., train: 0.1 s.
2021-11-11 15:14:10,092 - robot.logger - INFO - episode: 16/1000, score =  2 -  3 = -1, e: 0.860, average_score: -0.04, average_reward: -0.113, play: 0.6 s., train: 0.1 s.
2021-11-11 15:14:11,074 - robot.logger - INFO - episode: 17/1000, score =  4 -  4 =  0, e: 0.851, average_score: -0.04, average_reward: -0.115, play: 0.9 s., train: 0.1 s.
2021-11-11 15:14:11,659 - robot.logger - INFO - episode: 18/1000, score =  3 -  4 = -1, e: 0.843, average_score: -0.05, average_reward: -0.113, play: 0.5 s., train: 0.1 s.
2021-11-11 15:14:12,272 - robot.logger - INFO - episode: 19/1000, score =  3 -  2 =  1, e: 0.835, average_score: -0.04, average_reward: -0.111, play: 0.5 s., train: 0.1 s.
2021-11-11 15:14:12,835 - robot.logger - INFO - episode: 20/1000, score =  1 -  2 = -1, e: 0.826, average_score: -0.05, average_reward: -0.116, play: 0.5 s., train: 0.1 s.
2021-11-11 15:14:13,429 - robot.logger - INFO - episode: 21/1000, score =  2 -  6 = -4, e: 0.818, average_score: -0.09, average_reward: -0.113, play: 0.5 s., train: 0.1 s.
2021-11-11 15:14:14,027 - robot.logger - INFO - episode: 22/1000, score =  5 -  3 =  2, e: 0.810, average_score: -0.07, average_reward: -0.115, play: 0.5 s., train: 0.1 s.
2021-11-11 15:14:14,618 - robot.logger - INFO - episode: 23/1000, score =  4 -  4 =  0, e: 0.802, average_score: -0.07, average_reward: -0.115, play: 0.5 s., train: 0.1 s.
2021-11-11 15:14:15,189 - robot.logger - INFO - episode: 24/1000, score =  2 -  2 =  0, e: 0.794, average_score: -0.07, average_reward: -0.120, play: 0.5 s., train: 0.1 s.
2021-11-11 15:14:15,775 - robot.logger - INFO - episode: 25/1000, score =  4 -  3 =  1, e: 0.786, average_score: -0.05, average_reward: -0.118, play: 0.5 s., train: 0.1 s.
2021-11-11 15:14:16,373 - robot.logger - INFO - episode: 26/1000, score =  2 -  6 = -4, e: 0.778, average_score: -0.09, average_reward: -0.117, play: 0.5 s., train: 0.1 s.
2021-11-11 15:14:17,019 - robot.logger - INFO - episode: 27/1000, score =  4 -  4 =  0, e: 0.770, average_score: -0.09, average_reward: -0.116, play: 0.5 s., train: 0.1 s.
2021-11-11 15:14:17,615 - robot.logger - INFO - episode: 28/1000, score =  1 -  1 =  0, e: 0.762, average_score: -0.09, average_reward: -0.115, play: 0.5 s., train: 0.1 s.
2021-11-11 15:14:18,226 - robot.logger - INFO - episode: 29/1000, score =  2 -  5 = -3, e: 0.755, average_score: -0.12, average_reward: -0.109, play: 0.5 s., train: 0.1 s.
2021-11-11 15:14:18,915 - robot.logger - INFO - episode: 30/1000, score =  1 -  5 = -4, e: 0.747, average_score: -0.16, average_reward: -0.104, play: 0.6 s., train: 0.1 s.
2021-11-11 15:14:19,600 - robot.logger - INFO - episode: 31/1000, score =  4 -  3 =  1, e: 0.740, average_score: -0.15, average_reward: -0.102, play: 0.6 s., train: 0.1 s.
2021-11-11 15:14:20,269 - robot.logger - INFO - episode: 32/1000, score =  3 -  1 =  2, e: 0.732, average_score: -0.13, average_reward: -0.102, play: 0.6 s., train: 0.1 s.
2021-11-11 15:14:20,968 - robot.logger - INFO - episode: 33/1000, score =  1 -  4 = -3, e: 0.725, average_score: -0.16, average_reward: -0.100, play: 0.6 s., train: 0.1 s.
2021-11-11 15:14:21,758 - robot.logger - INFO - episode: 34/1000, score =  3 -  4 = -1, e: 0.718, average_score: -0.16, average_reward: -0.093, play: 0.6 s., train: 0.2 s.
2021-11-11 15:14:22,554 - robot.logger - INFO - episode: 35/1000, score =  5 -  5 =  0, e: 0.711, average_score: -0.16, average_reward: -0.095, play: 0.7 s., train: 0.1 s.
2021-11-11 15:14:23,358 - robot.logger - INFO - episode: 36/1000, score =  5 -  1 =  4, e: 0.703, average_score: -0.12, average_reward: -0.096, play: 0.7 s., train: 0.1 s.
2021-11-11 15:14:24,148 - robot.logger - INFO - episode: 37/1000, score =  3 -  4 = -1, e: 0.696, average_score: -0.13, average_reward: -0.093, play: 0.6 s., train: 0.1 s.
2021-11-11 15:14:25,029 - robot.logger - INFO - episode: 38/1000, score =  6 -  2 =  4, e: 0.689, average_score: -0.09, average_reward: -0.094, play: 0.7 s., train: 0.1 s.
2021-11-11 15:14:25,826 - robot.logger - INFO - episode: 39/1000, score =  4 -  4 =  0, e: 0.683, average_score: -0.09, average_reward: -0.096, play: 0.7 s., train: 0.1 s.
2021-11-11 15:14:26,595 - robot.logger - INFO - episode: 40/1000, score =  5 -  5 =  0, e: 0.676, average_score: -0.09, average_reward: -0.096, play: 0.6 s., train: 0.1 s.
2021-11-11 15:14:27,349 - robot.logger - INFO - episode: 41/1000, score =  4 -  3 =  1, e: 0.669, average_score: -0.08, average_reward: -0.097, play: 0.6 s., train: 0.1 s.
2021-11-11 15:14:28,114 - robot.logger - INFO - episode: 42/1000, score =  2 -  6 = -4, e: 0.662, average_score: -0.12, average_reward: -0.089, play: 0.6 s., train: 0.1 s.
2021-11-11 15:14:29,182 - robot.logger - INFO - episode: 43/1000, score =  4 -  4 =  0, e: 0.656, average_score: -0.11, average_reward: -0.073, play: 0.9 s., train: 0.1 s.
2021-11-11 15:14:30,040 - robot.logger - INFO - episode: 44/1000, score =  3 -  4 = -1, e: 0.649, average_score: -0.12, average_reward: -0.066, play: 0.7 s., train: 0.1 s.
